2026-02-03 20:36:26,797 ERROR websockets.server: opening handshake failed
Traceback (most recent call last):
  File "C:\Users\LCBoy\AppData\Local\Programs\Python\Python311\Lib\site-packages\websockets\server.py", line 562, in parse
    request = yield from Request.parse(
              ^^^^^^^^^^^^^^^^^^^^^^^^^
  File "C:\Users\LCBoy\AppData\Local\Programs\Python\Python311\Lib\site-packages\websockets\http11.py", line 145, in parse
    raise ValueError(f"invalid HTTP request line: {d(request_line)}") from None
ValueError: invalid HTTP request line: SSH-2.0-OpenSSH

The above exception was the direct cause of the following exception:

Traceback (most recent call last):
  File "C:\Users\LCBoy\AppData\Local\Programs\Python\Python311\Lib\site-packages\websockets\asyncio\server.py", line 354, in conn_handler
    await connection.handshake(
  File "C:\Users\LCBoy\AppData\Local\Programs\Python\Python311\Lib\site-packages\websockets\asyncio\server.py", line 205, in handshake
    raise self.protocol.handshake_exc
websockets.exceptions.InvalidMessage: did not receive a valid HTTP request
